This file contains any messages produced by compilers while
running configure, to aid debugging if configure makes a mistake.

It was created by Rufbereitschaftstool configure 0.1, which was
generated by GNU Autoconf 2.69.  Invocation command line was

  $ ./configure --prefix=/home/bj093/opt CPPFLAGS=-I/home/bj093/opt/include LDFLAGS=-L/home/bj093/opt/lib

## --------- ##
## Platform. ##
## --------- ##

hostname = pc16741.rdev.deutsche-boerse.de
uname -m = x86_64
uname -r = 3.10.0-862.2.3.el7.x86_64
uname -s = Linux
uname -v = #1 SMP Wed May 9 18:05:47 UTC 2018

/usr/bin/uname -p = x86_64
/bin/uname -X     = unknown

/bin/arch              = x86_64
/usr/bin/arch -k       = unknown
/usr/convex/getsysinfo = unknown
/usr/bin/hostinfo      = unknown
/bin/machine           = unknown
/usr/bin/oslevel       = unknown
/bin/universe          = unknown

PATH: /usr/lib64/ccache
PATH: /usr/local/bin
PATH: /usr/local/sbin
PATH: /usr/bin
PATH: /usr/sbin
PATH: /bin
PATH: /sbin
PATH: /home/bj093/opt/bin
PATH: /home/bj093/bin
PATH: /home/bj093/opt/bin


## ----------- ##
## Core tests. ##
## ----------- ##

configure:2079: checking for a BSD-compatible install
configure:2147: result: /usr/bin/install -c
configure:2158: checking whether build environment is sane
configure:2213: result: yes
configure:2364: checking for a thread-safe mkdir -p
configure:2403: result: /usr/bin/mkdir -p
configure:2410: checking for gawk
configure:2426: found /usr/bin/gawk
configure:2437: result: gawk
configure:2448: checking whether make sets $(MAKE)
configure:2470: result: yes
configure:2499: checking whether make supports nested variables
configure:2516: result: yes
configure:2660: checking for g++
configure:2676: found /usr/lib64/ccache/g++
configure:2687: result: g++
configure:2714: checking for C++ compiler version
configure:2723: g++ --version >&5
g++ (GCC) 4.8.5 20150623 (Red Hat 4.8.5-28)
Copyright (C) 2015 Free Software Foundation, Inc.
This is free software; see the source for copying conditions.  There is NO
warranty; not even for MERCHANTABILITY or FITNESS FOR A PARTICULAR PURPOSE.

configure:2734: $? = 0
configure:2723: g++ -v >&5
Using built-in specs.
COLLECT_GCC=/usr/bin/g++
COLLECT_LTO_WRAPPER=/usr/libexec/gcc/x86_64-redhat-linux/4.8.5/lto-wrapper
Target: x86_64-redhat-linux
Configured with: ../configure --prefix=/usr --mandir=/usr/share/man --infodir=/usr/share/info --with-bugurl=http://bugzilla.redhat.com/bugzilla --enable-bootstrap --enable-shared --enable-threads=posix --enable-checking=release --with-system-zlib --enable-__cxa_atexit --disable-libunwind-exceptions --enable-gnu-unique-object --enable-linker-build-id --with-linker-hash-style=gnu --enable-languages=c,c++,objc,obj-c++,java,fortran,ada,go,lto --enable-plugin --enable-initfini-array --disable-libgcj --with-isl=/builddir/build/BUILD/gcc-4.8.5-20150702/obj-x86_64-redhat-linux/isl-install --with-cloog=/builddir/build/BUILD/gcc-4.8.5-20150702/obj-x86_64-redhat-linux/cloog-install --enable-gnu-indirect-function --with-tune=generic --with-arch_32=x86-64 --build=x86_64-redhat-linux
Thread model: posix
gcc version 4.8.5 20150623 (Red Hat 4.8.5-28) (GCC) 
configure:2734: $? = 0
configure:2723: g++ -V >&5
g++: error: unrecognized command line option '-V'
g++: fatal error: no input files
compilation terminated.
configure:2734: $? = 4
configure:2723: g++ -qversion >&5
g++: error: unrecognized command line option '-qversion'
g++: fatal error: no input files
compilation terminated.
configure:2734: $? = 4
configure:2754: checking whether the C++ compiler works
configure:2776: g++  -I/home/bj093/opt/include -L/home/bj093/opt/lib conftest.cpp  >&5
configure:2780: $? = 0
configure:2828: result: yes
configure:2831: checking for C++ compiler default output file name
configure:2833: result: a.out
configure:2839: checking for suffix of executables
configure:2846: g++ -o conftest  -I/home/bj093/opt/include -L/home/bj093/opt/lib conftest.cpp  >&5
configure:2850: $? = 0
configure:2872: result: 
configure:2894: checking whether we are cross compiling
configure:2902: g++ -o conftest  -I/home/bj093/opt/include -L/home/bj093/opt/lib conftest.cpp  >&5
configure:2906: $? = 0
configure:2913: ./conftest
configure:2917: $? = 0
configure:2932: result: no
configure:2937: checking for suffix of object files
configure:2959: g++ -c  -I/home/bj093/opt/include conftest.cpp >&5
configure:2963: $? = 0
configure:2984: result: o
configure:2988: checking whether we are using the GNU C++ compiler
configure:3007: g++ -c  -I/home/bj093/opt/include conftest.cpp >&5
configure:3007: $? = 0
configure:3016: result: yes
configure:3025: checking whether g++ accepts -g
configure:3045: g++ -c -g -I/home/bj093/opt/include conftest.cpp >&5
configure:3045: $? = 0
configure:3086: result: yes
configure:3120: checking for style of include used by make
configure:3148: result: GNU
configure:3174: checking dependency style of g++
configure:3285: result: gcc3
configure:3314: checking whether g++ supports C++11 features by default
configure:3348: g++ -c -g -O2 -I/home/bj093/opt/include conftest.cpp >&5
conftest.cpp:15:21: error: expected identifier before 'sizeof'
       static_assert(sizeof(int) <= sizeof(T), "not big enough");
                     ^
conftest.cpp:15:21: error: expected ',' or '...' before 'sizeof'
conftest.cpp:15:63: error: ISO C++ forbids declaration of 'static_assert' with no type [-fpermissive]
       static_assert(sizeof(int) <= sizeof(T), "not big enough");
                                                               ^
conftest.cpp:22:20: warning: override controls (override/final) only available with -std=c++11 or -std=gnu++11 [enabled by default]
     virtual void f() override {}
                    ^
conftest.cpp:25:29: error: '>>' should be '> >' within a nested template argument list
     typedef check<check<bool>> right_angle_brackets;
                             ^
conftest.cpp:28:13: error: expected constructor, destructor, or type conversion before '(' token
     decltype(a) b;
             ^
conftest.cpp:32:15: error: expected unqualified-id before '&&' token
     check_type&& cr = static_cast<check_type&&>(c);
               ^
conftest.cpp:34:10: error: 'd' does not name a type
     auto d = a;
          ^
conftest.cpp:35:10: error: 'l' does not name a type
     auto l = [](){};
          ^
configure:3348: $? = 1
configure: failed program was:
| /* confdefs.h */
| #define PACKAGE_NAME "Rufbereitschaftstool"
| #define PACKAGE_TARNAME "rufbereitschaftstool"
| #define PACKAGE_VERSION "0.1"
| #define PACKAGE_STRING "Rufbereitschaftstool 0.1"
| #define PACKAGE_BUGREPORT "your-email@somewhere"
| #define PACKAGE_URL ""
| #define PACKAGE "rufbereitschaftstool"
| #define VERSION "0.1"
| /* end confdefs.h.  */
| 
|   template <typename T>
|     struct check
|     {
|       static_assert(sizeof(int) <= sizeof(T), "not big enough");
|     };
| 
|     struct Base {
|     virtual void f() {}
|     };
|     struct Child : public Base {
|     virtual void f() override {}
|     };
| 
|     typedef check<check<bool>> right_angle_brackets;
| 
|     int a;
|     decltype(a) b;
| 
|     typedef check<int> check_type;
|     check_type c;
|     check_type&& cr = static_cast<check_type&&>(c);
| 
|     auto d = a;
|     auto l = [](){};
| 
configure:3355: result: no
configure:3366: checking whether g++ supports C++11 features with -std=c++11
configure:3402: g++ -c -g -O2 -std=c++11 -I/home/bj093/opt/include conftest.cpp >&5
configure:3402: $? = 0
configure:3411: result: yes
configure:3453: checking how to run the C++ preprocessor
configure:3480: g++ -E -I/home/bj093/opt/include conftest.cpp
configure:3480: $? = 0
configure:3494: g++ -E -I/home/bj093/opt/include conftest.cpp
conftest.cpp:12:28: fatal error: ac_nonexistent.h: No such file or directory
 #include <ac_nonexistent.h>
                            ^
compilation terminated.
configure:3494: $? = 1
configure: failed program was:
| /* confdefs.h */
| #define PACKAGE_NAME "Rufbereitschaftstool"
| #define PACKAGE_TARNAME "rufbereitschaftstool"
| #define PACKAGE_VERSION "0.1"
| #define PACKAGE_STRING "Rufbereitschaftstool 0.1"
| #define PACKAGE_BUGREPORT "your-email@somewhere"
| #define PACKAGE_URL ""
| #define PACKAGE "rufbereitschaftstool"
| #define VERSION "0.1"
| #define HAVE_CXX11 1
| /* end confdefs.h.  */
| #include <ac_nonexistent.h>
configure:3519: result: g++ -E
configure:3539: g++ -E -I/home/bj093/opt/include conftest.cpp
configure:3539: $? = 0
configure:3553: g++ -E -I/home/bj093/opt/include conftest.cpp
conftest.cpp:12:28: fatal error: ac_nonexistent.h: No such file or directory
 #include <ac_nonexistent.h>
                            ^
compilation terminated.
configure:3553: $? = 1
configure: failed program was:
| /* confdefs.h */
| #define PACKAGE_NAME "Rufbereitschaftstool"
| #define PACKAGE_TARNAME "rufbereitschaftstool"
| #define PACKAGE_VERSION "0.1"
| #define PACKAGE_STRING "Rufbereitschaftstool 0.1"
| #define PACKAGE_BUGREPORT "your-email@somewhere"
| #define PACKAGE_URL ""
| #define PACKAGE "rufbereitschaftstool"
| #define VERSION "0.1"
| #define HAVE_CXX11 1
| /* end confdefs.h.  */
| #include <ac_nonexistent.h>
configure:3582: checking for grep that handles long lines and -e
configure:3640: result: /usr/bin/grep
configure:3645: checking for egrep
configure:3707: result: /usr/bin/grep -E
configure:3712: checking for ANSI C header files
configure:3732: g++ -c -g -O2 -std=c++11 -I/home/bj093/opt/include conftest.cpp >&5
configure:3732: $? = 0
configure:3805: g++ -o conftest -g -O2 -std=c++11 -I/home/bj093/opt/include -L/home/bj093/opt/lib conftest.cpp  >&5
configure:3805: $? = 0
configure:3805: ./conftest
configure:3805: $? = 0
configure:3816: result: yes
configure:3829: checking for sys/types.h
configure:3829: g++ -c -g -O2 -std=c++11 -I/home/bj093/opt/include conftest.cpp >&5
configure:3829: $? = 0
configure:3829: result: yes
configure:3829: checking for sys/stat.h
configure:3829: g++ -c -g -O2 -std=c++11 -I/home/bj093/opt/include conftest.cpp >&5
configure:3829: $? = 0
configure:3829: result: yes
configure:3829: checking for stdlib.h
configure:3829: g++ -c -g -O2 -std=c++11 -I/home/bj093/opt/include conftest.cpp >&5
configure:3829: $? = 0
configure:3829: result: yes
configure:3829: checking for string.h
configure:3829: g++ -c -g -O2 -std=c++11 -I/home/bj093/opt/include conftest.cpp >&5
configure:3829: $? = 0
configure:3829: result: yes
configure:3829: checking for memory.h
configure:3829: g++ -c -g -O2 -std=c++11 -I/home/bj093/opt/include conftest.cpp >&5
configure:3829: $? = 0
configure:3829: result: yes
configure:3829: checking for strings.h
configure:3829: g++ -c -g -O2 -std=c++11 -I/home/bj093/opt/include conftest.cpp >&5
configure:3829: $? = 0
configure:3829: result: yes
configure:3829: checking for inttypes.h
configure:3829: g++ -c -g -O2 -std=c++11 -I/home/bj093/opt/include conftest.cpp >&5
configure:3829: $? = 0
configure:3829: result: yes
configure:3829: checking for stdint.h
configure:3829: g++ -c -g -O2 -std=c++11 -I/home/bj093/opt/include conftest.cpp >&5
configure:3829: $? = 0
configure:3829: result: yes
configure:3829: checking for unistd.h
configure:3829: g++ -c -g -O2 -std=c++11 -I/home/bj093/opt/include conftest.cpp >&5
configure:3829: $? = 0
configure:3829: result: yes
configure:3841: checking cxxtools/mutex.h usability
configure:3841: g++ -c -g -O2 -std=c++11 -I/home/bj093/opt/include conftest.cpp >&5
configure:3841: $? = 0
configure:3841: result: yes
configure:3841: checking cxxtools/mutex.h presence
configure:3841: g++ -E -I/home/bj093/opt/include conftest.cpp
configure:3841: $? = 0
configure:3841: result: yes
configure:3841: checking for cxxtools/mutex.h
configure:3841: result: yes
configure:3849: checking tnt/tntnet.h usability
configure:3849: g++ -c -g -O2 -std=c++11 -I/home/bj093/opt/include conftest.cpp >&5
configure:3849: $? = 0
configure:3849: result: yes
configure:3849: checking tnt/tntnet.h presence
configure:3849: g++ -E -I/home/bj093/opt/include conftest.cpp
configure:3849: $? = 0
configure:3849: result: yes
configure:3849: checking for tnt/tntnet.h
configure:3849: result: yes
configure:3857: checking tntdb/connection.h usability
configure:3857: g++ -c -g -O2 -std=c++11 -I/home/bj093/opt/include conftest.cpp >&5
configure:3857: $? = 0
configure:3857: result: yes
configure:3857: checking tntdb/connection.h presence
configure:3857: g++ -E -I/home/bj093/opt/include conftest.cpp
configure:3857: $? = 0
configure:3857: result: yes
configure:3857: checking for tntdb/connection.h
configure:3857: result: yes
configure:3869: checking for ecppc
configure:3885: found /home/bj093/opt/bin/ecppc
configure:3896: result: ecppc
configure:3907: checking for a sed that does not truncate output
configure:3971: result: /usr/bin/sed
configure:3976: checking whether C++ compiler accepts -Wall
configure:3995: g++ -c -g -O2 -std=c++11  -Wall -I/home/bj093/opt/include conftest.cpp >&5
configure:3995: $? = 0
configure:4003: result: yes
configure:4011: checking whether C++ compiler accepts -pedantic
configure:4030: g++ -c -g -O2 -std=c++11  -pedantic -I/home/bj093/opt/include -Wall conftest.cpp >&5
configure:4030: $? = 0
configure:4038: result: yes
configure:4158: checking that generated files are newer than configure
configure:4164: result: done
configure:4187: creating ./config.status

## ---------------------- ##
## Running config.status. ##
## ---------------------- ##

This file was extended by Rufbereitschaftstool config.status 0.1, which was
generated by GNU Autoconf 2.69.  Invocation command line was

  CONFIG_FILES    = 
  CONFIG_HEADERS  = 
  CONFIG_LINKS    = 
  CONFIG_COMMANDS = 
  $ ./config.status 

on pc16741.rdev.deutsche-boerse.de

config.status:856: creating Makefile
config.status:856: creating config.h
config.status:1085: executing depfiles commands

## ---------------- ##
## Cache variables. ##
## ---------------- ##

ac_cv_cxx_compiler_gnu=yes
ac_cv_env_CCC_set=
ac_cv_env_CCC_value=
ac_cv_env_CPPFLAGS_set=set
ac_cv_env_CPPFLAGS_value=-I/home/bj093/opt/include
ac_cv_env_CXXCPP_set=
ac_cv_env_CXXCPP_value=
ac_cv_env_CXXFLAGS_set=
ac_cv_env_CXXFLAGS_value=
ac_cv_env_CXX_set=
ac_cv_env_CXX_value=
ac_cv_env_LDFLAGS_set=set
ac_cv_env_LDFLAGS_value=-L/home/bj093/opt/lib
ac_cv_env_LIBS_set=
ac_cv_env_LIBS_value=
ac_cv_env_build_alias_set=
ac_cv_env_build_alias_value=
ac_cv_env_host_alias_set=
ac_cv_env_host_alias_value=
ac_cv_env_target_alias_set=
ac_cv_env_target_alias_value=
ac_cv_header_cxxtools_mutex_h=yes
ac_cv_header_inttypes_h=yes
ac_cv_header_memory_h=yes
ac_cv_header_stdc=yes
ac_cv_header_stdint_h=yes
ac_cv_header_stdlib_h=yes
ac_cv_header_string_h=yes
ac_cv_header_strings_h=yes
ac_cv_header_sys_stat_h=yes
ac_cv_header_sys_types_h=yes
ac_cv_header_tnt_tntnet_h=yes
ac_cv_header_tntdb_connection_h=yes
ac_cv_header_unistd_h=yes
ac_cv_objext=o
ac_cv_path_EGREP='/usr/bin/grep -E'
ac_cv_path_GREP=/usr/bin/grep
ac_cv_path_SED=/usr/bin/sed
ac_cv_path_install='/usr/bin/install -c'
ac_cv_path_mkdir=/usr/bin/mkdir
ac_cv_prog_AWK=gawk
ac_cv_prog_CXXCPP='g++ -E'
ac_cv_prog_ECPPC=ecppc
ac_cv_prog_ac_ct_CXX=g++
ac_cv_prog_cxx_g=yes
ac_cv_prog_make_make_set=yes
am_cv_CXX_dependencies_compiler_type=gcc3
am_cv_make_support_nested_variables=yes
ax_cv_check_cxxflags___Wall=yes
ax_cv_check_cxxflags___pedantic=yes
ax_cv_cxx_compile_cxx11=no
ax_cv_cxx_compile_cxx11__std_cpp11=yes

## ----------------- ##
## Output variables. ##
## ----------------- ##

ACLOCAL='${SHELL} /home/bj093/Rufbereitschaftstool/missing aclocal-1.13'
AMDEPBACKSLASH='\'
AMDEP_FALSE='#'
AMDEP_TRUE=''
AMTAR='$${TAR-tar}'
AM_BACKSLASH='\'
AM_DEFAULT_V='$(AM_DEFAULT_VERBOSITY)'
AM_DEFAULT_VERBOSITY='1'
AM_V='$(V)'
AUTOCONF='${SHELL} /home/bj093/Rufbereitschaftstool/missing autoconf'
AUTOHEADER='${SHELL} /home/bj093/Rufbereitschaftstool/missing autoheader'
AUTOMAKE='${SHELL} /home/bj093/Rufbereitschaftstool/missing automake-1.13'
AWK='gawk'
CPPFLAGS='-I/home/bj093/opt/include -Wall -pedantic'
CXX='g++'
CXXCPP='g++ -E'
CXXDEPMODE='depmode=gcc3'
CXXFLAGS='-g -O2 -std=c++11'
CYGPATH_W='echo'
DEFS='-DHAVE_CONFIG_H'
DEPDIR='.deps'
ECHO_C=''
ECHO_N='-n'
ECHO_T=''
ECPPC='ecppc'
EGREP='/usr/bin/grep -E'
EXEEXT=''
GREP='/usr/bin/grep'
HAVE_CXX11='1'
INSTALL_DATA='${INSTALL} -m 644'
INSTALL_PROGRAM='${INSTALL}'
INSTALL_SCRIPT='${INSTALL}'
INSTALL_STRIP_PROGRAM='$(install_sh) -c -s'
LDFLAGS='-L/home/bj093/opt/lib'
LIBOBJS=''
LIBS=''
LTLIBOBJS=''
MAKEINFO='${SHELL} /home/bj093/Rufbereitschaftstool/missing makeinfo'
MKDIR_P='/usr/bin/mkdir -p'
OBJEXT='o'
PACKAGE='rufbereitschaftstool'
PACKAGE_BUGREPORT='your-email@somewhere'
PACKAGE_NAME='Rufbereitschaftstool'
PACKAGE_STRING='Rufbereitschaftstool 0.1'
PACKAGE_TARNAME='rufbereitschaftstool'
PACKAGE_URL=''
PACKAGE_VERSION='0.1'
PATH_SEPARATOR=':'
SED='/usr/bin/sed'
SET_MAKE=''
SHELL='/bin/sh'
STRIP=''
VERSION='0.1'
ac_ct_CXX='g++'
am__EXEEXT_FALSE=''
am__EXEEXT_TRUE='#'
am__fastdepCXX_FALSE='#'
am__fastdepCXX_TRUE=''
am__include='include'
am__isrc=''
am__leading_dot='.'
am__nodep='_no'
am__quote=''
am__tar='$${TAR-tar} chof - "$$tardir"'
am__untar='$${TAR-tar} xf -'
bindir='${exec_prefix}/bin'
build_alias=''
datadir='${datarootdir}'
datarootdir='${prefix}/share'
docdir='${datarootdir}/doc/${PACKAGE_TARNAME}'
dvidir='${docdir}'
exec_prefix='${prefix}'
host_alias=''
htmldir='${docdir}'
includedir='${prefix}/include'
infodir='${datarootdir}/info'
install_sh='${SHELL} /home/bj093/Rufbereitschaftstool/install-sh'
libdir='${exec_prefix}/lib'
libexecdir='${exec_prefix}/libexec'
localedir='${datarootdir}/locale'
localstatedir='${prefix}/var'
mandir='${datarootdir}/man'
mkdir_p='$(MKDIR_P)'
oldincludedir='/usr/include'
pdfdir='${docdir}'
prefix='/home/bj093/opt'
program_transform_name='s,x,x,'
psdir='${docdir}'
sbindir='${exec_prefix}/sbin'
sharedstatedir='${prefix}/com'
sysconfdir='${prefix}/etc'
target_alias=''

## ----------- ##
## confdefs.h. ##
## ----------- ##

/* confdefs.h */
#define PACKAGE_NAME "Rufbereitschaftstool"
#define PACKAGE_TARNAME "rufbereitschaftstool"
#define PACKAGE_VERSION "0.1"
#define PACKAGE_STRING "Rufbereitschaftstool 0.1"
#define PACKAGE_BUGREPORT "your-email@somewhere"
#define PACKAGE_URL ""
#define PACKAGE "rufbereitschaftstool"
#define VERSION "0.1"
#define HAVE_CXX11 1
#define STDC_HEADERS 1
#define HAVE_SYS_TYPES_H 1
#define HAVE_SYS_STAT_H 1
#define HAVE_STDLIB_H 1
#define HAVE_STRING_H 1
#define HAVE_MEMORY_H 1
#define HAVE_STRINGS_H 1
#define HAVE_INTTYPES_H 1
#define HAVE_STDINT_H 1
#define HAVE_UNISTD_H 1

configure: exit 0

## ---------------------- ##
## Running config.status. ##
## ---------------------- ##

This file was extended by Rufbereitschaftstool config.status 0.1, which was
generated by GNU Autoconf 2.69.  Invocation command line was

  CONFIG_FILES    = 
  CONFIG_HEADERS  = 
  CONFIG_LINKS    = 
  CONFIG_COMMANDS = 
  $ ./config.status config.h

on pc16741.rdev.deutsche-boerse.de

config.status:856: creating config.h
config.status:1037: config.h is unchanged

## ---------------------- ##
## Running config.status. ##
## ---------------------- ##

This file was extended by Rufbereitschaftstool config.status 0.1, which was
generated by GNU Autoconf 2.69.  Invocation command line was

  CONFIG_FILES    = 
  CONFIG_HEADERS  = 
  CONFIG_LINKS    = 
  CONFIG_COMMANDS = 
  $ ./config.status Makefile depfiles

on pc16741.rdev.deutsche-boerse.de

config.status:856: creating Makefile
config.status:1085: executing depfiles commands

## ---------------------- ##
## Running config.status. ##
## ---------------------- ##

This file was extended by Rufbereitschaftstool config.status 0.1, which was
generated by GNU Autoconf 2.69.  Invocation command line was

  CONFIG_FILES    = 
  CONFIG_HEADERS  = 
  CONFIG_LINKS    = 
  CONFIG_COMMANDS = 
  $ ./config.status Makefile depfiles

on pc16741.rdev.deutsche-boerse.de

config.status:856: creating Makefile
config.status:1085: executing depfiles commands

## ---------------------- ##
## Running config.status. ##
## ---------------------- ##

This file was extended by Rufbereitschaftstool config.status 0.1, which was
generated by GNU Autoconf 2.69.  Invocation command line was

  CONFIG_FILES    = 
  CONFIG_HEADERS  = 
  CONFIG_LINKS    = 
  CONFIG_COMMANDS = 
  $ ./config.status Makefile depfiles

on pc16741.rdev.deutsche-boerse.de

config.status:856: creating Makefile
config.status:1085: executing depfiles commands

## ---------------------- ##
## Running config.status. ##
## ---------------------- ##

This file was extended by Rufbereitschaftstool config.status 0.1, which was
generated by GNU Autoconf 2.69.  Invocation command line was

  CONFIG_FILES    = 
  CONFIG_HEADERS  = 
  CONFIG_LINKS    = 
  CONFIG_COMMANDS = 
  $ ./config.status Makefile depfiles

on pc16741.rdev.deutsche-boerse.de

config.status:856: creating Makefile
config.status:1085: executing depfiles commands

## ---------------------- ##
## Running config.status. ##
## ---------------------- ##

This file was extended by Rufbereitschaftstool config.status 0.1, which was
generated by GNU Autoconf 2.69.  Invocation command line was

  CONFIG_FILES    = 
  CONFIG_HEADERS  = 
  CONFIG_LINKS    = 
  CONFIG_COMMANDS = 
  $ ./config.status Makefile depfiles

on pc16741.rdev.deutsche-boerse.de

config.status:856: creating Makefile
config.status:1085: executing depfiles commands

## ---------------------- ##
## Running config.status. ##
## ---------------------- ##

This file was extended by Rufbereitschaftstool config.status 0.1, which was
generated by GNU Autoconf 2.69.  Invocation command line was

  CONFIG_FILES    = 
  CONFIG_HEADERS  = 
  CONFIG_LINKS    = 
  CONFIG_COMMANDS = 
  $ ./config.status Makefile depfiles

on pc16741.rdev.deutsche-boerse.de

config.status:856: creating Makefile
config.status:1085: executing depfiles commands

## ---------------------- ##
## Running config.status. ##
## ---------------------- ##

This file was extended by Rufbereitschaftstool config.status 0.1, which was
generated by GNU Autoconf 2.69.  Invocation command line was

  CONFIG_FILES    = 
  CONFIG_HEADERS  = 
  CONFIG_LINKS    = 
  CONFIG_COMMANDS = 
  $ ./config.status Makefile depfiles

on pc16741.rdev.deutsche-boerse.de

config.status:856: creating Makefile
config.status:1085: executing depfiles commands

## ---------------------- ##
## Running config.status. ##
## ---------------------- ##

This file was extended by Rufbereitschaftstool config.status 0.1, which was
generated by GNU Autoconf 2.69.  Invocation command line was

  CONFIG_FILES    = 
  CONFIG_HEADERS  = 
  CONFIG_LINKS    = 
  CONFIG_COMMANDS = 
  $ ./config.status Makefile depfiles

on pc16741.rdev.deutsche-boerse.de

config.status:856: creating Makefile
config.status:1085: executing depfiles commands

## ---------------------- ##
## Running config.status. ##
## ---------------------- ##

This file was extended by Rufbereitschaftstool config.status 0.1, which was
generated by GNU Autoconf 2.69.  Invocation command line was

  CONFIG_FILES    = 
  CONFIG_HEADERS  = 
  CONFIG_LINKS    = 
  CONFIG_COMMANDS = 
  $ ./config.status Makefile depfiles

on pc16741.rdev.deutsche-boerse.de

config.status:856: creating Makefile
config.status:1085: executing depfiles commands

## ---------------------- ##
## Running config.status. ##
## ---------------------- ##

This file was extended by Rufbereitschaftstool config.status 0.1, which was
generated by GNU Autoconf 2.69.  Invocation command line was

  CONFIG_FILES    = 
  CONFIG_HEADERS  = 
  CONFIG_LINKS    = 
  CONFIG_COMMANDS = 
  $ ./config.status Makefile depfiles

on pc16741.rdev.deutsche-boerse.de

config.status:856: creating Makefile
config.status:1085: executing depfiles commands

## ---------------------- ##
## Running config.status. ##
## ---------------------- ##

This file was extended by Rufbereitschaftstool config.status 0.1, which was
generated by GNU Autoconf 2.69.  Invocation command line was

  CONFIG_FILES    = 
  CONFIG_HEADERS  = 
  CONFIG_LINKS    = 
  CONFIG_COMMANDS = 
  $ ./config.status Makefile depfiles

on pc16741.rdev.deutsche-boerse.de

config.status:856: creating Makefile
config.status:1085: executing depfiles commands

## ---------------------- ##
## Running config.status. ##
## ---------------------- ##

This file was extended by Rufbereitschaftstool config.status 0.1, which was
generated by GNU Autoconf 2.69.  Invocation command line was

  CONFIG_FILES    = 
  CONFIG_HEADERS  = 
  CONFIG_LINKS    = 
  CONFIG_COMMANDS = 
  $ ./config.status Makefile depfiles

on pc16741.rdev.deutsche-boerse.de

config.status:856: creating Makefile
config.status:1085: executing depfiles commands

## ---------------------- ##
## Running config.status. ##
## ---------------------- ##

This file was extended by Rufbereitschaftstool config.status 0.1, which was
generated by GNU Autoconf 2.69.  Invocation command line was

  CONFIG_FILES    = 
  CONFIG_HEADERS  = 
  CONFIG_LINKS    = 
  CONFIG_COMMANDS = 
  $ ./config.status Makefile depfiles

on pc16741.rdev.deutsche-boerse.de

config.status:856: creating Makefile
config.status:1085: executing depfiles commands

## ---------------------- ##
## Running config.status. ##
## ---------------------- ##

This file was extended by Rufbereitschaftstool config.status 0.1, which was
generated by GNU Autoconf 2.69.  Invocation command line was

  CONFIG_FILES    = 
  CONFIG_HEADERS  = 
  CONFIG_LINKS    = 
  CONFIG_COMMANDS = 
  $ ./config.status Makefile depfiles

on pc16741.rdev.deutsche-boerse.de

config.status:856: creating Makefile
config.status:1085: executing depfiles commands

## ---------------------- ##
## Running config.status. ##
## ---------------------- ##

This file was extended by Rufbereitschaftstool config.status 0.1, which was
generated by GNU Autoconf 2.69.  Invocation command line was

  CONFIG_FILES    = 
  CONFIG_HEADERS  = 
  CONFIG_LINKS    = 
  CONFIG_COMMANDS = 
  $ ./config.status Makefile depfiles

on pc16741.rdev.deutsche-boerse.de

config.status:856: creating Makefile
config.status:1085: executing depfiles commands

## ---------------------- ##
## Running config.status. ##
## ---------------------- ##

This file was extended by Rufbereitschaftstool config.status 0.1, which was
generated by GNU Autoconf 2.69.  Invocation command line was

  CONFIG_FILES    = 
  CONFIG_HEADERS  = 
  CONFIG_LINKS    = 
  CONFIG_COMMANDS = 
  $ ./config.status Makefile depfiles

on pc16741.rdev.deutsche-boerse.de

config.status:856: creating Makefile
config.status:1085: executing depfiles commands
